<?xml version="1.0" encoding="UTF-8"?>
<testng-results ignored="0" total="2" passed="2" failed="0" skipped="0">
  <reporter-output>
  </reporter-output>
  <suite started-at="2023-03-06T08:32:57 IST" name="Default suite" finished-at="2023-03-06T08:32:57 IST" duration-ms="112">
    <groups>
    </groups>
    <test started-at="2023-03-06T08:32:57 IST" name="Default test" finished-at="2023-03-06T08:32:57 IST" duration-ms="112">
      <class name="DataDrovider">
        <test-method signature="dataDriven(java.lang.String,java.lang.String,java.lang.String)[pri:0, instance:DataDrovider@10e31a9a]" started-at="2023-03-06T08:32:57 IST" name="dataDriven" data-provider="Data" finished-at="2023-03-06T08:32:57 IST" duration-ms="11" status="PASS">
          <params>
            <param index="0">
              <value>
                <![CDATA[vimal]]>
              </value>
            </param>
            <param index="1">
              <value>
                <![CDATA[Rahu]]>
              </value>
            </param>
            <param index="2">
              <value>
                <![CDATA[kim]]>
              </value>
            </param>
          </params>
          <reporter-output>
          </reporter-output>
        </test-method> <!-- dataDriven -->
        <test-method signature="dataDriven(java.lang.String,java.lang.String,java.lang.String)[pri:0, instance:DataDrovider@10e31a9a]" started-at="2023-03-06T08:32:57 IST" name="dataDriven" data-provider="Data" finished-at="2023-03-06T08:32:57 IST" duration-ms="3" status="PASS">
          <params>
            <param index="0">
              <value>
                <![CDATA[aak]]>
              </value>
            </param>
            <param index="1">
              <value>
                <![CDATA[vim]]>
              </value>
            </param>
            <param index="2">
              <value>
                <![CDATA[raj]]>
              </value>
            </param>
          </params>
          <reporter-output>
          </reporter-output>
        </test-method> <!-- dataDriven -->
      </class> <!-- DataDrovider -->
    </test> <!-- Default test -->
  </suite> <!-- Default suite -->
</testng-results>
